------------------------------------------------------------------------------------------------------------------------

[2013-06-02 20:56:34 #1 store] 
Database 'C:\Users\Andy\Desktop\twitter\.test.odb' is opened by 2468@Andy-PC

[2013-06-02 20:56:34 #2 type] 
Type TweetObjDB is not enhanced.

------------------------------------------------------------------------------------------------------------------------

[2013-06-02 20:59:07 #1 store] 
Database 'C:\Users\Andy\Desktop\twitter\.test.odb' is opened by 5256@Andy-PC

[2013-06-02 20:59:48 #2 store] 
Database 'C:\Users\Andy\Desktop\twitter\.test.odb' is closed by 5256@Andy-PC

------------------------------------------------------------------------------------------------------------------------

[2013-06-02 20:59:54 #1 store] 
Database 'C:\Users\Andy\Desktop\twitter\.test.odb' is opened by 1820@Andy-PC

[2013-06-02 20:59:54 #2 type] 
Type TweetObjDB is not enhanced.

------------------------------------------------------------------------------------------------------------------------

[2013-06-02 21:14:35 #1 store] 
Database 'C:\Users\Andy\Desktop\twitter\.test.odb' is opened by 4764@Andy-PC

[2013-06-02 21:14:36 #2 type] 
Type TweetObjDB is not enhanced.

------------------------------------------------------------------------------------------------------------------------

[2013-06-02 21:21:31 #1 store] 
Database 'C:\Users\Andy\Desktop\twitter\.test.odb' has been recovered (tr. 9-9)

[2013-06-02 21:21:31 #2 store] 
Database 'C:\Users\Andy\Desktop\twitter\.test.odb' is opened by 2560@Andy-PC

[2013-06-02 21:21:31 #3 type] 
Type TweetObjDB is not enhanced.

------------------------------------------------------------------------------------------------------------------------

[2013-06-02 21:24:50 #1 store] 
Database 'C:\Users\Andy\Desktop\twitter\.test.odb' is opened by 3916@Andy-PC

[2013-06-02 21:24:50 #2 type] 
Type TweetObjDB is not enhanced.

------------------------------------------------------------------------------------------------------------------------

[2013-06-02 21:41:42 #1 store] 
Database 'C:\Users\Andy\Desktop\twitter\.test.odb' has been recovered (tr. 10-10)

[2013-06-02 21:41:42 #2 store] 
Database 'C:\Users\Andy\Desktop\twitter\.test.odb' is opened by 5812@Andy-PC

[2013-06-02 21:41:42 #3 type] 
Type TweetObjDB is not enhanced.

------------------------------------------------------------------------------------------------------------------------

[2013-06-02 21:53:55 #1 store] 
Database 'C:\Users\Andy\Desktop\twitter\.test.odb' is opened by 5876@Andy-PC

[2013-06-02 21:53:56 #2 type] 
Type TweetObjDB is not enhanced.

------------------------------------------------------------------------------------------------------------------------

[2013-06-02 22:04:47 #1 store] 
Database 'C:\Users\Andy\Desktop\twitter\.test.odb' is opened by 5884@Andy-PC

[2013-06-02 22:04:47 #2 type] 
Type TweetObjDB is not enhanced.

------------------------------------------------------------------------------------------------------------------------

[2013-06-02 22:43:07 #1 store] 
Database 'C:\Users\Andy\Desktop\twitter\.test.odb' is opened by 5680@Andy-PC

[2013-06-02 22:43:07 #2 type] 
Type TweetObjDB is not enhanced.

------------------------------------------------------------------------------------------------------------------------

[2013-06-02 22:58:01 #1 store] 
Database 'C:\Users\Andy\Desktop\twitter\.test.odb' is opened by 5016@Andy-PC

[2013-06-02 22:58:01 #2 type] 
Type TweetObjDB is not enhanced.

------------------------------------------------------------------------------------------------------------------------

[2013-06-02 22:59:01 #1 store] 
Database 'C:\Users\Andy\Desktop\twitter\.test.odb' has been recovered (tr. 11-11)

[2013-06-02 22:59:01 #2 store] 
Database 'C:\Users\Andy\Desktop\twitter\.test.odb' is opened by 1476@Andy-PC

[2013-06-02 22:59:01 #3 type] 
Type TweetObjDB is not enhanced.

------------------------------------------------------------------------------------------------------------------------

[2013-06-02 23:07:38 #1 store] 
Database 'C:\Users\Andy\Desktop\twitter\.test.odb' is opened by 5676@Andy-PC

[2013-06-02 23:07:38 #2 type] 
Type TweetObjDB is not enhanced.

------------------------------------------------------------------------------------------------------------------------

[2013-06-02 23:10:31 #1 store] 
Database 'C:\Users\Andy\Desktop\twitter\.test.odb' is opened by 3940@Andy-PC

[2013-06-02 23:10:31 #2 type] 
Type TweetObjDB is not enhanced.

------------------------------------------------------------------------------------------------------------------------

[2013-06-02 23:12:19 #1 store] 
Database 'C:\Users\Andy\Desktop\twitter\.test.odb' is opened by 3556@Andy-PC

[2013-06-02 23:12:19 #2 type] 
Type TweetObjDB is not enhanced.

------------------------------------------------------------------------------------------------------------------------

[2013-06-02 23:20:23 #1 store] 
Database 'C:\Users\Andy\Desktop\twitter\.test.odb' is opened by 4960@Andy-PC

[2013-06-02 23:20:24 #2 type] 
Type TweetObjDB is not enhanced.

------------------------------------------------------------------------------------------------------------------------

[2013-06-02 23:36:09 #1 store] 
Database 'C:\Users\Andy\Desktop\twitter\.test.odb' is opened by 1804@Andy-PC

[2013-06-02 23:36:09 #2 type] 
Type TweetObjDB is not enhanced.

------------------------------------------------------------------------------------------------------------------------

[2013-06-02 23:36:50 #1 store] 
Database 'C:\Users\Andy\Desktop\twitter\.test.odb' is opened by 2896@Andy-PC

[2013-06-02 23:36:51 #2 type] 
Type TweetObjDB is not enhanced.

------------------------------------------------------------------------------------------------------------------------

[2013-06-02 23:37:33 #1 store] 
Database 'C:\Users\Andy\Desktop\twitter\.test.odb' is opened by 2916@Andy-PC

[2013-06-02 23:37:33 #2 type] 
Type TweetObjDB is not enhanced.

