------------------------------------------------------------------------------------------------------------------------

[2013-06-03 17:34:50 #1 store] 
Database 'C:\Users\Andy\Desktop\twitter\.test.odb' is opened by 3860@Andy-PC

[2013-06-03 17:34:50 #2 type] 
Type TweetObjDB is not enhanced.

------------------------------------------------------------------------------------------------------------------------

[2013-06-03 17:42:22 #1 store] 
Database 'C:\Users\Andy\Desktop\twitter\.test.odb' is opened by 5036@Andy-PC

[2013-06-03 17:42:23 #2 type] 
Type TweetObjDB is not enhanced.

------------------------------------------------------------------------------------------------------------------------

[2013-06-03 17:49:13 #1 store] 
Database 'C:\Users\Andy\Desktop\twitter\.test.odb' is opened by 6052@Andy-PC

[2013-06-03 17:49:13 #2 type] 
Type TweetObjDB is not enhanced.

------------------------------------------------------------------------------------------------------------------------

[2013-06-03 17:54:36 #1 store] 
Database 'C:\Users\Andy\Desktop\twitter\.test.odb' is opened by 3820@Andy-PC

[2013-06-03 17:54:37 #2 type] 
Type TweetObjDB is not enhanced.

------------------------------------------------------------------------------------------------------------------------

[2013-06-03 17:56:26 #1 store] 
Database 'C:\Users\Andy\Desktop\twitter\.test.odb' has been recovered (tr. 12-12)

[2013-06-03 17:56:26 #2 store] 
Database 'C:\Users\Andy\Desktop\twitter\.test.odb' is opened by 3208@Andy-PC

[2013-06-03 17:57:59 #3 store] 
Database 'C:\Users\Andy\Desktop\twitter\.test.odb' is closed by 3208@Andy-PC

------------------------------------------------------------------------------------------------------------------------

[2013-06-03 22:34:28 #1 store] 
Database 'C:\Users\Andy\Desktop\twitter\.test.odb' is opened by 3400@Andy-PC

[2013-06-03 22:34:41 #2 store] 
Database 'C:\Users\Andy\Desktop\twitter\.test.odb' is closed by 3400@Andy-PC

------------------------------------------------------------------------------------------------------------------------

[2013-06-03 22:34:52 #1 store] 
Database 'C:\Users\Andy\Desktop\twitter\.test.odb' is opened by 6404@Andy-PC

[2013-06-03 22:34:52 #2 type] 
Type TweetObjDB is not enhanced.

------------------------------------------------------------------------------------------------------------------------

[2013-06-03 22:37:48 #1 store] 
Database 'C:\Users\Andy\Desktop\twitter\.test.odb' has been recovered (tr. 13-13)

[2013-06-03 22:37:48 #2 store] 
Database 'C:\Users\Andy\Desktop\twitter\.test.odb' is opened by 4060@Andy-PC

[2013-06-03 22:40:03 #3 store] 
Database 'C:\Users\Andy\Desktop\twitter\.test.odb' is closed by 4060@Andy-PC

