------------------------------------------------------------------------------------------------------------------------

[2013-01-31 17:53:09 #1 store] 
Database '/home/theodori/Web-Services-Indexing-In-P2P/database/objectdb/web_services_clusterer.odb' has been recovered (tr. 776-778)

[2013-01-31 17:53:09 #2 store] 
Database '/home/theodori/Web-Services-Indexing-In-P2P/database/objectdb/web_services_clusterer.odb' is opened by 25236@theodoriProkat

[2013-01-31 17:53:09 #3 type] 
Type FunctionWord is not enhanced.

[2013-01-31 17:53:09 #4 type] 
Type GeneralComputingWord is not enhanced.

[2013-01-31 17:53:09 #5 type] 
Type WordHits is not enhanced.

[2013-01-31 17:53:09 #6 type] 
Type QualityFactor is not enhanced.

[2013-01-31 17:53:09 #7 type] 
Type WebServicesCluster is not enhanced.

------------------------------------------------------------------------------------------------------------------------

[2013-01-31 17:55:49 #1 store] 
Database '/home/theodori/Web-Services-Indexing-In-P2P/database/objectdb/web_services_clusterer.odb' has been recovered (tr. 781-783)

[2013-01-31 17:55:49 #2 store] 
Database '/home/theodori/Web-Services-Indexing-In-P2P/database/objectdb/web_services_clusterer.odb' is opened by 25294@theodoriProkat

[2013-01-31 17:55:49 #3 type] 
Type FunctionWord is not enhanced.

[2013-01-31 17:55:49 #4 type] 
Type GeneralComputingWord is not enhanced.

[2013-01-31 17:55:49 #5 type] 
Type WordHits is not enhanced.

[2013-01-31 17:55:49 #6 type] 
Type QualityFactor is not enhanced.

[2013-01-31 17:55:49 #7 type] 
Type WebServicesCluster is not enhanced.

------------------------------------------------------------------------------------------------------------------------

[2013-01-31 17:57:21 #1 store] 
Database '/home/theodori/Web-Services-Indexing-In-P2P/database/objectdb/web_services_clusterer.odb' has been recovered (tr. 786-788)

[2013-01-31 17:57:21 #2 store] 
Database '/home/theodori/Web-Services-Indexing-In-P2P/database/objectdb/web_services_clusterer.odb' is opened by 25406@theodoriProkat

[2013-01-31 18:03:29 #3 store] 
Database '/home/theodori/Web-Services-Indexing-In-P2P/database/objectdb/web_services_clusterer.odb' is closed by 25406@theodoriProkat

------------------------------------------------------------------------------------------------------------------------

[2013-01-31 18:03:31 #1 store] 
Database '/home/theodori/Web-Services-Indexing-In-P2P/database/objectdb/web_services_clusterer.odb' is opened by 25626@theodoriProkat

[2013-01-31 18:03:32 #2 type] 
Type FunctionWord is not enhanced.

[2013-01-31 18:03:32 #3 type] 
Type GeneralComputingWord is not enhanced.

[2013-01-31 18:03:32 #4 type] 
Type WordHits is not enhanced.

[2013-01-31 18:03:32 #5 type] 
Type QualityFactor is not enhanced.

[2013-01-31 18:03:32 #6 type] 
Type WebServicesCluster is not enhanced.

------------------------------------------------------------------------------------------------------------------------

[2013-01-31 18:58:59 #1 store] 
Database '/home/theodori/Web-Services-Indexing-In-P2P/database/objectdb/web_services_clusterer.odb' has been recovered (tr. 791-803)

[2013-01-31 18:58:59 #2 store] 
Database '/home/theodori/Web-Services-Indexing-In-P2P/database/objectdb/web_services_clusterer.odb' is opened by 25918@theodoriProkat

[2013-01-31 20:03:19 #3 store] 
Database '/home/theodori/Web-Services-Indexing-In-P2P/database/objectdb/web_services_clusterer.odb' is closed by 25918@theodoriProkat

------------------------------------------------------------------------------------------------------------------------

[2013-01-31 20:05:27 #1 store] 
Database '/home/theodori/Web-Services-Indexing-In-P2P/database/objectdb/web_services_clusterer.odb' is opened by 26397@theodoriProkat

[2013-01-31 20:18:23 #2 store] 
Database '/home/theodori/Web-Services-Indexing-In-P2P/database/objectdb/web_services_clusterer.odb' is closed by 26397@theodoriProkat

