------------------------------------------------------------------------------------------------------------------------

[2013-06-28 13:21:25 #1 store] 
Database 'C:\Users\user\Desktop\twitter\.test.odb' has been recovered (tr. 3-3)

[2013-06-28 13:21:25 #2 store] 
Database 'C:\Users\user\Desktop\twitter\.test.odb' is opened by 5816@user-PC

[2013-06-28 13:21:25 #3 type] 
Type TweetObjDB is not enhanced.

------------------------------------------------------------------------------------------------------------------------

[2013-06-28 13:46:09 #1 store] 
Database 'C:\Users\user\Desktop\twitter\.test.odb' is opened by 4828@user-PC

[2013-06-28 13:46:09 #2 type] 
Type TweetObjDB is not enhanced.

------------------------------------------------------------------------------------------------------------------------

[2013-06-28 13:47:09 #1 store] 
Database 'C:\Users\user\Desktop\twitter\.test.odb' is opened by 524@user-PC

[2013-06-28 13:47:09 #2 type] 
Type TweetObjDB is not enhanced.

------------------------------------------------------------------------------------------------------------------------

[2013-06-28 13:52:54 #1 store] 
Database 'C:\Users\user\Desktop\twitter\.test.odb' is opened by 5788@user-PC

[2013-06-28 13:52:54 #2 type] 
Type TweetObjDB is not enhanced.

------------------------------------------------------------------------------------------------------------------------

[2013-06-28 13:54:46 #1 store] 
Database 'C:\Users\user\Desktop\twitter\.test.odb' is opened by 1984@user-PC

[2013-06-28 13:54:47 #2 type] 
Type TweetObjDB is not enhanced.

------------------------------------------------------------------------------------------------------------------------

[2013-06-28 13:55:21 #1 store] 
Database 'C:\Users\user\Desktop\twitter\.test.odb' is opened by 4996@user-PC

[2013-06-28 13:55:21 #2 type] 
Type TweetObjDB is not enhanced.

------------------------------------------------------------------------------------------------------------------------

[2013-06-28 13:57:16 #1 store] 
Database 'C:\Users\user\Desktop\twitter\.test.odb' is opened by 5720@user-PC

[2013-06-28 13:57:16 #2 type] 
Type TweetObjDB is not enhanced.

------------------------------------------------------------------------------------------------------------------------

[2013-06-28 14:03:11 #1 store] 
Database 'C:\Users\user\Desktop\twitter\.test.odb' is opened by 1564@user-PC

[2013-06-28 14:03:11 #2 type] 
Type TweetObjDB is not enhanced.

