------------------------------------------------------------------------------------------------------------------------

[2013-02-23 11:36:51 #1 store] 
Database 'C:\Users\Alex\Desktop\twitter\.test.odb' is opened by 3328@mmlab-turbox

------------------------------------------------------------------------------------------------------------------------

[2013-02-23 11:38:05 #1 store] 
Database 'C:\Users\Alex\Desktop\twitter\.test.odb' has been recovered (tr. 1-3)

[2013-02-23 11:38:05 #2 store] 
Database 'C:\Users\Alex\Desktop\twitter\.test.odb' is opened by 4892@mmlab-turbox

[2013-02-23 11:38:05 #3 type] 
Type ObjectDB$aaa is not enhanced.

------------------------------------------------------------------------------------------------------------------------

[2013-02-23 11:46:06 #1 store] 
Database 'C:\Users\Alex\Desktop\twitter\.test.odb' has been recovered (tr. 4-5)

[2013-02-23 11:46:06 #2 store] 
Database 'C:\Users\Alex\Desktop\twitter\.test.odb' is opened by 1192@mmlab-turbox

[2013-02-23 11:46:06 #3 type] 
Type aaa is not enhanced.

------------------------------------------------------------------------------------------------------------------------

[2013-02-23 11:46:28 #1 store] 
Database 'C:\Users\Alex\Desktop\twitter\.test.odb' has been recovered (tr. 6-7)

[2013-02-23 11:46:28 #2 store] 
Database 'C:\Users\Alex\Desktop\twitter\.test.odb' is opened by 5404@mmlab-turbox

[2013-02-23 11:47:04 #3 store] 
Database 'C:\Users\Alex\Desktop\twitter\.test.odb' is closed by 5404@mmlab-turbox

[2013-02-23 11:47:04 #4 store] 
Database 'C:\Users\Alex\Desktop\twitter\.test.odb' is opened by 5404@mmlab-turbox

[2013-02-23 12:12:26 #5 store] 
Database 'C:\Users\Alex\Desktop\twitter\.test.odb' is closed by 5404@mmlab-turbox

------------------------------------------------------------------------------------------------------------------------

[2013-02-23 12:12:31 #1 store] 
Database 'C:\Users\Alex\Desktop\twitter\.test.odb' is opened by 5116@mmlab-turbox

------------------------------------------------------------------------------------------------------------------------

[2013-02-23 12:13:38 #1 store] 
Database 'C:\Users\Alex\Desktop\twitter\.test.odb' has been recovered (tr. 8-8)

[2013-02-23 12:13:38 #2 store] 
Database 'C:\Users\Alex\Desktop\twitter\.test.odb' is opened by 3664@mmlab-turbox

------------------------------------------------------------------------------------------------------------------------

[2013-02-23 12:16:21 #1 store] 
Database 'C:\Users\Alex\Desktop\twitter\.test.odb' is opened by 5484@mmlab-turbox

------------------------------------------------------------------------------------------------------------------------

[2013-02-23 12:22:17 #1 store] 
Database 'C:\Users\Alex\Desktop\twitter\.test.odb' is opened by 2092@mmlab-turbox

------------------------------------------------------------------------------------------------------------------------

[2013-02-23 12:24:48 #1 store] 
Database 'C:\Users\Alex\Desktop\twitter\.test.odb' is opened by 3124@mmlab-turbox

------------------------------------------------------------------------------------------------------------------------

[2013-02-23 12:25:41 #1 store] 
Database 'C:\Users\Alex\Desktop\twitter\.test.odb' is opened by 4320@mmlab-turbox

[2013-02-23 12:25:55 #2 store] 
Database 'C:\Users\Alex\Desktop\twitter\.test.odb' is closed by 4320@mmlab-turbox

------------------------------------------------------------------------------------------------------------------------

[2013-02-23 12:31:48 #1 store] 
Database 'C:\Users\Alex\Desktop\twitter\.test.odb' is opened by 1096@mmlab-turbox

------------------------------------------------------------------------------------------------------------------------

[2013-02-23 12:38:15 #1 store] 
Database 'C:\Users\Alex\Desktop\twitter\.test.odb' is opened by 4040@mmlab-turbox

------------------------------------------------------------------------------------------------------------------------

[2013-02-23 12:49:01 #1 store] 
Database 'C:\Users\Alex\Desktop\twitter\.test.odb' is opened by 6576@mmlab-turbox

------------------------------------------------------------------------------------------------------------------------

[2013-02-23 12:50:28 #1 store] 
Database 'C:\Users\Alex\Desktop\twitter\.test.odb' is opened by 3548@mmlab-turbox

------------------------------------------------------------------------------------------------------------------------

[2013-02-23 12:57:22 #1 store] 
Database 'C:\Users\Alex\Desktop\twitter\.test.odb' is opened by 6304@mmlab-turbox

------------------------------------------------------------------------------------------------------------------------

[2013-02-23 13:01:52 #1 store] 
Database 'C:\Users\Alex\Desktop\twitter\.test.odb' is opened by 5264@mmlab-turbox

------------------------------------------------------------------------------------------------------------------------

[2013-02-23 13:02:54 #1 store] 
Database 'C:\Users\Alex\Desktop\twitter\.test.odb' is opened by 1776@mmlab-turbox

------------------------------------------------------------------------------------------------------------------------

[2013-02-23 13:04:06 #1 store] 
Database 'C:\Users\Alex\Desktop\twitter\.test.odb' is opened by 2764@mmlab-turbox

------------------------------------------------------------------------------------------------------------------------

[2013-02-23 13:04:55 #1 store] 
Database 'C:\Users\Alex\Desktop\twitter\.test.odb' is opened by 6028@mmlab-turbox

------------------------------------------------------------------------------------------------------------------------

[2013-02-23 13:05:56 #1 store] 
Database 'C:\Users\Alex\Desktop\twitter\.test.odb' is opened by 3496@mmlab-turbox

------------------------------------------------------------------------------------------------------------------------

[2013-02-23 13:07:53 #1 store] 
Database 'C:\Users\Alex\Desktop\twitter\.test.odb' is opened by 6304@mmlab-turbox

------------------------------------------------------------------------------------------------------------------------

[2013-02-23 13:11:10 #1 store] 
Database 'C:\Users\Alex\Desktop\twitter\.test.odb' is opened by 4132@mmlab-turbox

------------------------------------------------------------------------------------------------------------------------

[2013-02-23 13:23:39 #1 store] 
Database 'C:\Users\Alex\Desktop\twitter\.test.odb' is opened by 4576@mmlab-turbox

------------------------------------------------------------------------------------------------------------------------

[2013-02-23 13:26:02 #1 store] 
Database 'C:\Users\Alex\Desktop\twitter\.test.odb' is opened by 5404@mmlab-turbox

------------------------------------------------------------------------------------------------------------------------

[2013-02-23 13:27:53 #1 store] 
Database 'C:\Users\Alex\Desktop\twitter\.test.odb' is opened by 7148@mmlab-turbox

------------------------------------------------------------------------------------------------------------------------

[2013-02-23 13:30:15 #1 store] 
Database 'C:\Users\Alex\Desktop\twitter\.test.odb' is opened by 6292@mmlab-turbox

------------------------------------------------------------------------------------------------------------------------

[2013-02-23 13:31:14 #1 store] 
Database 'C:\Users\Alex\Desktop\twitter\.test.odb' is opened by 2228@mmlab-turbox

[2013-02-23 13:32:40 #2 store] 
Database 'C:\Users\Alex\Desktop\twitter\.test.odb' is closed by 2228@mmlab-turbox

------------------------------------------------------------------------------------------------------------------------

[2013-02-23 13:32:43 #1 store] 
Database 'C:\Users\Alex\Desktop\twitter\.test.odb' is opened by 3240@mmlab-turbox

