------------------------------------------------------------------------------------------------------------------------

[2013-06-30 11:59:32 #1 store] 
Database 'C:\Users\user\Desktop\twitter\.test.odb' is opened by 6920@user-PC

[2013-06-30 11:59:32 #2 type] 
Type TweetObjDB is not enhanced.

------------------------------------------------------------------------------------------------------------------------

[2013-06-30 12:01:36 #1 store] 
Database 'C:\Users\user\Desktop\twitter\.test.odb' is opened by 3528@user-PC

[2013-06-30 12:01:36 #2 type] 
Type TweetObjDB is not enhanced.

------------------------------------------------------------------------------------------------------------------------

[2013-06-30 12:03:53 #1 store] 
Database 'C:\Users\user\Desktop\twitter\.test.odb' is opened by 7580@user-PC

[2013-06-30 12:03:53 #2 type] 
Type TweetObjDB is not enhanced.

------------------------------------------------------------------------------------------------------------------------

[2013-06-30 12:15:59 #1 store] 
Database 'C:\Users\user\Desktop\twitter\.test.odb' is opened by 2904@user-PC

[2013-06-30 12:15:59 #2 type] 
Type TweetObjDB is not enhanced.

------------------------------------------------------------------------------------------------------------------------

[2013-06-30 12:51:32 #1 store] 
Database 'C:\Users\Andy\Desktop\twitter\.test.odb' is opened by 4584@Andy-PC

[2013-06-30 12:51:32 #2 type] 
Type TweetObjDB is not enhanced.

