------------------------------------------------------------------------------------------------------------------------

[2013-06-12 16:28:48 #1 store] 
Database 'C:\Users\Andy\Desktop\twitter\.test.odb' is opened by 2168@Andy-PC

------------------------------------------------------------------------------------------------------------------------

[2013-06-12 16:29:27 #1 store] 
Database 'C:\Users\Andy\Desktop\twitter\.test.odb' is opened by 2752@Andy-PC

------------------------------------------------------------------------------------------------------------------------

[2013-06-12 16:30:15 #1 store] 
Database 'C:\Users\Andy\Desktop\twitter\.test.odb' is opened by 1828@Andy-PC

[2013-06-12 16:30:15 #2 type] 
Type TweetObjDB is not enhanced.

------------------------------------------------------------------------------------------------------------------------

[2013-06-12 16:30:42 #1 store] 
Database 'C:\Users\Andy\Desktop\twitter\.test.odb' is opened by 1644@Andy-PC

[2013-06-12 16:30:42 #2 type] 
Type TweetObjDB is not enhanced.

------------------------------------------------------------------------------------------------------------------------

[2013-06-12 16:31:33 #1 store] 
Database 'C:\Users\Andy\Desktop\twitter\.test.odb' is opened by 5072@Andy-PC

[2013-06-12 16:31:34 #2 type] 
Type TweetObjDB is not enhanced.

------------------------------------------------------------------------------------------------------------------------

[2013-06-12 16:33:16 #1 store] 
Database 'C:\Users\Andy\Desktop\twitter\.test.odb' is opened by 3536@Andy-PC

[2013-06-12 16:33:16 #2 type] 
Type TweetObjDB is not enhanced.

------------------------------------------------------------------------------------------------------------------------

[2013-06-12 16:34:41 #1 store] 
Database 'C:\Users\Andy\Desktop\twitter\.test.odb' is opened by 1276@Andy-PC

[2013-06-12 16:34:41 #2 type] 
Type TweetObjDB is not enhanced.

------------------------------------------------------------------------------------------------------------------------

[2013-06-12 16:35:21 #1 store] 
Database 'C:\Users\Andy\Desktop\twitter\.test.odb' is opened by 3540@Andy-PC

[2013-06-12 16:35:22 #2 type] 
Type TweetObjDB is not enhanced.

------------------------------------------------------------------------------------------------------------------------

[2013-06-12 16:36:21 #1 store] 
Database 'C:\Users\Andy\Desktop\twitter\.test.odb' is opened by 2752@Andy-PC

[2013-06-12 16:36:21 #2 type] 
Type TweetObjDB is not enhanced.

------------------------------------------------------------------------------------------------------------------------

[2013-06-12 16:37:21 #1 store] 
Database 'C:\Users\Andy\Desktop\twitter\.test.odb' is opened by 2984@Andy-PC

[2013-06-12 16:37:21 #2 type] 
Type TweetObjDB is not enhanced.

------------------------------------------------------------------------------------------------------------------------

[2013-06-12 16:38:00 #1 store] 
Database 'C:\Users\Andy\Desktop\twitter\.test.odb' is opened by 280@Andy-PC

[2013-06-12 16:38:00 #2 type] 
Type TweetObjDB is not enhanced.

------------------------------------------------------------------------------------------------------------------------

[2013-06-12 16:39:05 #1 store] 
Database 'C:\Users\Andy\Desktop\twitter\.test.odb' is opened by 2540@Andy-PC

[2013-06-12 16:39:06 #2 type] 
Type TweetObjDB is not enhanced.

------------------------------------------------------------------------------------------------------------------------

[2013-06-12 16:40:06 #1 store] 
Database 'C:\Users\Andy\Desktop\twitter\.test.odb' is opened by 4252@Andy-PC

[2013-06-12 16:40:06 #2 type] 
Type TweetObjDB is not enhanced.

------------------------------------------------------------------------------------------------------------------------

[2013-06-12 17:09:25 #1 store] 
Database 'C:\Users\Andy\Desktop\twitter\.test.odb' is opened by 1100@Andy-PC

[2013-06-12 17:09:25 #2 type] 
Type TweetObjDB is not enhanced.

------------------------------------------------------------------------------------------------------------------------

[2013-06-12 17:27:10 #1 store] 
Database 'C:\Users\Andy\Desktop\twitter\.test.odb' has been recovered (tr. 14-14)

[2013-06-12 17:27:10 #2 store] 
Database 'C:\Users\Andy\Desktop\twitter\.test.odb' is opened by 4492@Andy-PC

[2013-06-12 17:27:10 #3 type] 
Type TweetObjDB is not enhanced.

------------------------------------------------------------------------------------------------------------------------

[2013-06-12 17:28:07 #1 store] 
Database 'C:\Users\Andy\Desktop\twitter\.test.odb' is opened by 5904@Andy-PC

[2013-06-12 17:28:07 #2 type] 
Type TweetObjDB is not enhanced.

------------------------------------------------------------------------------------------------------------------------

[2013-06-12 17:30:10 #1 store] 
Database 'C:\Users\Andy\Desktop\twitter\.test.odb' is opened by 5756@Andy-PC

[2013-06-12 17:30:10 #2 type] 
Type TweetObjDB is not enhanced.

